app/build/intermediates/manifest_merge_blame_file/debug/manifest-merger-blame-debug-report.txt
1<?xml version="1.0" encoding="utf-8"?>
2<manifest xmlns:android="http://schemas.android.com/apk/res/android"
3    package="com.ntsua.thelife"
4    android:versionCode="1"
5    android:versionName="1.0" >
6
7    <uses-sdk
8        android:minSdkVersion="16"
8-->src\main\AndroidManifest.xml
9        android:targetSdkVersion="30" />
9-->src\main\AndroidManifest.xml
10
11    <application
11-->src\main\AndroidManifest.xml:5:5-41:19
12        android:allowBackup="true"
12-->src\main\AndroidManifest.xml:6:9-35
13        android:appComponentFactory="androidx.core.app.CoreComponentFactory"
13-->[androidx.core:core:1.3.1] AndroidManifest.xml:24:18-86
14        android:debuggable="true"
15        android:icon="@drawable/boy"
15-->src\main\AndroidManifest.xml:7:9-37
16        android:label="@string/app_name"
16-->src\main\AndroidManifest.xml:8:9-41
17        android:roundIcon="@mipmap/ic_launcher_round"
17-->src\main\AndroidManifest.xml:9:9-54
18        android:supportsRtl="true"
18-->src\main\AndroidManifest.xml:10:9-35
19        android:testOnly="true"
20        android:theme="@style/Theme.TheLife" >
20-->src\main\AndroidManifest.xml:11:9-45
21        <activity android:name="com.ntsua.thelife.BoiToan" />
21-->src\main\AndroidManifest.xml:13:9-54
21-->src\main\AndroidManifest.xml:13:19-42
22        <activity android:name="com.ntsua.thelife.MakeUp" />
22-->src\main\AndroidManifest.xml:14:9-44
22-->src\main\AndroidManifest.xml:14:19-41
23        <activity android:name="com.ntsua.thelife.Cooking" />
23-->src\main\AndroidManifest.xml:15:9-45
23-->src\main\AndroidManifest.xml:15:19-42
24        <activity android:name="com.ntsua.thelife.Startup" />
24-->src\main\AndroidManifest.xml:16:9-45
24-->src\main\AndroidManifest.xml:16:19-42
25        <activity android:name="com.ntsua.thelife.Hospital" />
25-->src\main\AndroidManifest.xml:17:9-46
25-->src\main\AndroidManifest.xml:17:19-43
26        <activity android:name="com.ntsua.thelife.SongKhac" />
26-->src\main\AndroidManifest.xml:18:9-46
26-->src\main\AndroidManifest.xml:18:19-43
27        <activity android:name="com.ntsua.thelife.Travel" />
27-->src\main\AndroidManifest.xml:19:9-44
27-->src\main\AndroidManifest.xml:19:19-41
28        <activity android:name="com.ntsua.thelife.Entertainment" />
28-->src\main\AndroidManifest.xml:20:9-51
28-->src\main\AndroidManifest.xml:20:19-48
29        <activity android:name="com.ntsua.thelife.Degree" />
29-->src\main\AndroidManifest.xml:21:9-44
29-->src\main\AndroidManifest.xml:21:19-41
30        <activity android:name="com.ntsua.thelife.Love" />
30-->src\main\AndroidManifest.xml:22:9-42
30-->src\main\AndroidManifest.xml:22:19-39
31        <activity android:name="com.ntsua.thelife.Playground" />
31-->src\main\AndroidManifest.xml:23:9-48
31-->src\main\AndroidManifest.xml:23:19-45
32        <activity android:name="com.ntsua.thelife.HoatDong" />
32-->src\main\AndroidManifest.xml:24:9-46
32-->src\main\AndroidManifest.xml:24:19-43
33        <activity android:name="com.ntsua.thelife.CrimeActivity" />
33-->src\main\AndroidManifest.xml:25:9-51
33-->src\main\AndroidManifest.xml:25:19-48
34        <activity android:name="com.ntsua.thelife.Tuong_tacActivity" />
34-->src\main\AndroidManifest.xml:26:9-55
34-->src\main\AndroidManifest.xml:26:19-52
35        <activity android:name="com.ntsua.thelife.SportActivity" />
35-->src\main\AndroidManifest.xml:27:9-51
35-->src\main\AndroidManifest.xml:27:19-48
36        <activity android:name="com.ntsua.thelife.RelationShip" />
36-->src\main\AndroidManifest.xml:28:9-50
36-->src\main\AndroidManifest.xml:28:19-47
37        <activity android:name="com.ntsua.thelife.FoodActivity" />
37-->src\main\AndroidManifest.xml:29:9-50
37-->src\main\AndroidManifest.xml:29:19-47
38        <activity android:name="com.ntsua.thelife.MainActivity" >
38-->src\main\AndroidManifest.xml:30:9-36:20
38-->src\main\AndroidManifest.xml:30:19-47
39            <intent-filter>
39-->src\main\AndroidManifest.xml:31:13-35:29
40                <action android:name="android.intent.action.MAIN" />
40-->src\main\AndroidManifest.xml:32:17-69
40-->src\main\AndroidManifest.xml:32:25-66
41
42                <category android:name="android.intent.category.LAUNCHER" />
42-->src\main\AndroidManifest.xml:34:17-77
42-->src\main\AndroidManifest.xml:34:27-74
43            </intent-filter>
44        </activity>
45
46        <meta-data
46-->src\main\AndroidManifest.xml:38:9-40:57
47            android:name="preloaded_fonts"
47-->src\main\AndroidManifest.xml:39:13-43
48            android:resource="@array/preloaded_fonts" />
48-->src\main\AndroidManifest.xml:40:13-54
49    </application>
50
51</manifest>